# JRE version: OpenJDK Runtime Environment (11.0.9.1+1) (build 11.0.9.1+1-Ubuntu-0ubuntu1.18.04)
# Java VM: OpenJDK 64-Bit Server VM (11.0.9.1+1-Ubuntu-0ubuntu1.18.04, mixed mode, sharing, tiered, compressed oops, serial gc, linux-amd64)
Heap:
 def new generation   total 12928K, used 433K [0x00000000f8000000, 0x00000000f8e00000, 0x00000000faaa0000)
  eden space 11520K,   3% used [0x00000000f8000000, 0x00000000f8067de0, 0x00000000f8b40000)
  from space 1408K,   1% used [0x00000000f8b40000, 0x00000000f8b449e0, 0x00000000f8ca0000)
  to   space 1408K,   0% used [0x00000000f8ca0000, 0x00000000f8ca0000, 0x00000000f8e00000)
 tenured generation   total 28532K, used 17117K [0x00000000faaa0000, 0x00000000fc67d000, 0x0000000100000000)
   the space 28532K,  59% used [0x00000000faaa0000, 0x00000000fbb57770, 0x00000000fbb57800, 0x00000000fc67d000)
 Metaspace       used 10661K, capacity 11194K, committed 11392K, reserved 1058816K
  class space    used 1097K, capacity 1362K, committed 1408K, reserved 1048576K
GC Heap History (20 events):
Event: 16.878 GC heap before
{Heap before GC invocations=10 (full 1):
 def new generation   total 2560K, used 2559K [0x00000000f8000000, 0x00000000f82c0000, 0x00000000faaa0000)
  eden space 2304K,  99% used [0x00000000f8000000, 0x00000000f823ffd8, 0x00000000f8240000)
  from space 256K, 100% used [0x00000000f8280000, 0x00000000f82c0000, 0x00000000f82c0000)
  to   space 256K,   0% used [0x00000000f8240000, 0x00000000f8240000, 0x00000000f8280000)
 tenured generation   total 10200K, used 7760K [0x00000000faaa0000, 0x00000000fb496000, 0x0000000100000000)
   the space 10200K,  76% used [0x00000000faaa0000, 0x00000000fb234298, 0x00000000fb234400, 0x00000000fb496000)
 Metaspace       used 8762K, capacity 9269K, committed 9472K, reserved 1056768K
  class space    used 971K, capacity 1215K, committed 1280K, reserved 1048576K
}
Event: 16.880 GC heap after
{Heap after GC invocations=11 (full 1):
 def new generation   total 2560K, used 195K [0x00000000f8000000, 0x00000000f82c0000, 0x00000000faaa0000)
  eden space 2304K,   0% used [0x00000000f8000000, 0x00000000f8000000, 0x00000000f8240000)
  from space 256K,  76% used [0x00000000f8240000, 0x00000000f8270d30, 0x00000000f8280000)
  to   space 256K,   0% used [0x00000000f8280000, 0x00000000f8280000, 0x00000000f82c0000)
 tenured generation   total 10200K, used 8010K [0x00000000faaa0000, 0x00000000fb496000, 0x0000000100000000)
   the space 10200K,  78% used [0x00000000faaa0000, 0x00000000fb272918, 0x00000000fb272a00, 0x00000000fb496000)
 Metaspace       used 8762K, capacity 9269K, committed 9472K, reserved 1056768K
  class space    used 971K, capacity 1215K, committed 1280K, reserved 1048576K
}
Event: 17.680 GC heap before
{Heap before GC invocations=11 (full 1):
 def new generation   total 2560K, used 2499K [0x00000000f8000000, 0x00000000f82c0000, 0x00000000faaa0000)
  eden space 2304K, 100% used [0x00000000f8000000, 0x00000000f8240000, 0x00000000f8240000)
  from space 256K,  76% used [0x00000000f8240000, 0x00000000f8270d30, 0x00000000f8280000)
  to   space 256K,   0% used [0x00000000f8280000, 0x00000000f8280000, 0x00000000f82c0000)
 tenured generation   total 10200K, used 8010K [0x00000000faaa0000, 0x00000000fb496000, 0x0000000100000000)
   the space 10200K,  78% used [0x00000000faaa0000, 0x00000000fb272918, 0x00000000fb272a00, 0x00000000fb496000)
 Metaspace       used 9150K, capacity 9681K, committed 9984K, reserved 1058816K
  class space    used 1016K, capacity 1265K, committed 1280K, reserved 1048576K
}
Event: 17.683 GC heap after
{Heap after GC invocations=12 (full 1):
 def new generation   total 2560K, used 256K [0x00000000f8000000, 0x00000000f82c0000, 0x00000000faaa0000)
  eden space 2304K,   0% used [0x00000000f8000000, 0x00000000f8000000, 0x00000000f8240000)
  from space 256K, 100% used [0x00000000f8280000, 0x00000000f82c0000, 0x00000000f82c0000)
  to   space 256K,   0% used [0x00000000f8240000, 0x00000000f8240000, 0x00000000f8280000)
 tenured generation   total 10200K, used 8527K [0x00000000faaa0000, 0x00000000fb496000, 0x0000000100000000)
   the space 10200K,  83% used [0x00000000faaa0000, 0x00000000fb2f3d28, 0x00000000fb2f3e00, 0x00000000fb496000)
 Metaspace       used 9150K, capacity 9681K, committed 9984K, reserved 1058816K
  class space    used 1016K, capacity 1265K, committed 1280K, reserved 1048576K
}
Event: 29.880 GC heap before
{Heap before GC invocations=12 (full 1):
 def new generation   total 2560K, used 2560K [0x00000000f8000000, 0x00000000f82c0000, 0x00000000faaa0000)
  eden space 2304K, 100% used [0x00000000f8000000, 0x00000000f8240000, 0x00000000f8240000)
  from space 256K, 100% used [0x00000000f8280000, 0x00000000f82c0000, 0x00000000f82c0000)
  to   space 256K,   0% used [0x00000000f8240000, 0x00000000f8240000, 0x00000000f8280000)
 tenured generation   total 10200K, used 8527K [0x00000000faaa0000, 0x00000000fb496000, 0x0000000100000000)
   the space 10200K,  83% used [0x00000000faaa0000, 0x00000000fb2f3d28, 0x00000000fb2f3e00, 0x00000000fb496000)
 Metaspace       used 10229K, capacity 10774K, committed 11136K, reserved 1058816K
  class space    used 1082K, capacity 1330K, committed 1408K, reserved 1048576K
}
Event: 29.886 GC heap after
{Heap after GC invocations=13 (full 1):
 def new generation   total 2560K, used 174K [0x00000000f8000000, 0x00000000f82c0000, 0x00000000faaa0000)
  eden space 2304K,   0% used [0x00000000f8000000, 0x00000000f8000000, 0x00000000f8240000)
  from space 256K,  68% used [0x00000000f8240000, 0x00000000f826b948, 0x00000000f8280000)
  to   space 256K,   0% used [0x00000000f8280000, 0x00000000f8280000, 0x00000000f82c0000)
 tenured generation   total 10200K, used 8781K [0x00000000faaa0000, 0x00000000fb496000, 0x0000000100000000)
   the space 10200K,  86% used [0x00000000faaa0000, 0x00000000fb333458, 0x00000000fb333600, 0x00000000fb496000)
 Metaspace       used 10229K, capacity 10774K, committed 11136K, reserved 1058816K
  class space    used 1082K, capacity 1330K, committed 1408K, reserved 1048576K
}
Event: 31.690 GC heap before
{Heap before GC invocations=13 (full 1):
 def new generation   total 2560K, used 2478K [0x00000000f8000000, 0x00000000f82c0000, 0x00000000faaa0000)
  eden space 2304K, 100% used [0x00000000f8000000, 0x00000000f8240000, 0x00000000f8240000)
  from space 256K,  68% used [0x00000000f8240000, 0x00000000f826b948, 0x00000000f8280000)
  to   space 256K,   0% used [0x00000000f8280000, 0x00000000f8280000, 0x00000000f82c0000)
 tenured generation   total 10200K, used 8781K [0x00000000faaa0000, 0x00000000fb496000, 0x0000000100000000)
   the space 10200K,  86% used [0x00000000faaa0000, 0x00000000fb333458, 0x00000000fb333600, 0x00000000fb496000)
 Metaspace       used 10305K, capacity 10870K, committed 11136K, reserved 1058816K
  class space    used 1095K, capacity 1362K, committed 1408K, reserved 1048576K
}
Event: 31.891 GC heap after
{Heap after GC invocations=14 (full 2):
 def new generation   total 7552K, used 0K [0x00000000f8000000, 0x00000000f8830000, 0x00000000faaa0000)
  eden space 6720K,   0% used [0x00000000f8000000, 0x00000000f8000000, 0x00000000f8690000)
  from space 832K,   0% used [0x00000000f8690000, 0x00000000f8690000, 0x00000000f8760000)
  to   space 832K,   0% used [0x00000000f8760000, 0x00000000f8760000, 0x00000000f8830000)
 tenured generation   total 16616K, used 9967K [0x00000000faaa0000, 0x00000000fbada000, 0x0000000100000000)
   the space 16616K,  59% used [0x00000000faaa0000, 0x00000000fb45bf20, 0x00000000fb45c000, 0x00000000fbada000)
 Metaspace       used 10305K, capacity 10870K, committed 11136K, reserved 1058816K
  class space    used 1095K, capacity 1362K, committed 1408K, reserved 1048576K
}
Event: 32.392 GC heap before
{Heap before GC invocations=14 (full 2):
 def new generation   total 7552K, used 6720K [0x00000000f8000000, 0x00000000f8830000, 0x00000000faaa0000)
  eden space 6720K, 100% used [0x00000000f8000000, 0x00000000f8690000, 0x00000000f8690000)
  from space 832K,   0% used [0x00000000f8690000, 0x00000000f8690000, 0x00000000f8760000)
  to   space 832K,   0% used [0x00000000f8760000, 0x00000000f8760000, 0x00000000f8830000)
 tenured generation   total 16616K, used 9967K [0x00000000faaa0000, 0x00000000fbada000, 0x0000000100000000)
   the space 16616K,  59% used [0x00000000faaa0000, 0x00000000fb45bf20, 0x00000000fb45c000, 0x00000000fbada000)
 Metaspace       used 10305K, capacity 10870K, committed 11136K, reserved 1058816K
  class space    used 1095K, capacity 1362K, committed 1408K, reserved 1048576K
}
Event: 32.398 GC heap after
{Heap after GC invocations=15 (full 2):
 def new generation   total 7552K, used 3K [0x00000000f8000000, 0x00000000f8830000, 0x00000000faaa0000)
  eden space 6720K,   0% used [0x00000000f8000000, 0x00000000f8000000, 0x00000000f8690000)
  from space 832K,   0% used [0x00000000f8760000, 0x00000000f8760de8, 0x00000000f8830000)
  to   space 832K,   0% used [0x00000000f8690000, 0x00000000f8690000, 0x00000000f8760000)
 tenured generation   total 16616K, used 13443K [0x00000000faaa0000, 0x00000000fbada000, 0x0000000100000000)
   the space 16616K,  80% used [0x00000000faaa0000, 0x00000000fb7c0ff8, 0x00000000fb7c1000, 0x00000000fbada000)
 Metaspace       used 10305K, capacity 10870K, committed 11136K, reserved 1058816K
  class space    used 1095K, capacity 1362K, committed 1408K, reserved 1048576K
}
Event: 42.079 GC heap before
{Heap before GC invocations=15 (full 2):
 def new generation   total 7552K, used 6723K [0x00000000f8000000, 0x00000000f8830000, 0x00000000faaa0000)
  eden space 6720K, 100% used [0x00000000f8000000, 0x00000000f8690000, 0x00000000f8690000)
  from space 832K,   0% used [0x00000000f8760000, 0x00000000f8760de8, 0x00000000f8830000)
  to   space 832K,   0% used [0x00000000f8690000, 0x00000000f8690000, 0x00000000f8760000)
 tenured generation   total 16616K, used 13443K [0x00000000faaa0000, 0x00000000fbada000, 0x0000000100000000)
   the space 16616K,  80% used [0x00000000faaa0000, 0x00000000fb7c0ff8, 0x00000000fb7c1000, 0x00000000fbada000)
 Metaspace       used 10410K, capacity 10938K, committed 11136K, reserved 1058816K
  class space    used 1096K, capacity 1362K, committed 1408K, reserved 1048576K
}
Event: 42.081 GC heap after
{Heap after GC invocations=16 (full 2):
 def new generation   total 7552K, used 776K [0x00000000f8000000, 0x00000000f8830000, 0x00000000faaa0000)
  eden space 6720K,   0% used [0x00000000f8000000, 0x00000000f8000000, 0x00000000f8690000)
  from space 832K,  93% used [0x00000000f8690000, 0x00000000f8752190, 0x00000000f8760000)
  to   space 832K,   0% used [0x00000000f8760000, 0x00000000f8760000, 0x00000000f8830000)
 tenured generation   total 16616K, used 13443K [0x00000000faaa0000, 0x00000000fbada000, 0x0000000100000000)
   the space 16616K,  80% used [0x00000000faaa0000, 0x00000000fb7c0ff8, 0x00000000fb7c1000, 0x00000000fbada000)
 Metaspace       used 10410K, capacity 10938K, committed 11136K, reserved 1058816K
  class space    used 1096K, capacity 1362K, committed 1408K, reserved 1048576K
}
Event: 48.099 GC heap before
{Heap before GC invocations=16 (full 2):
 def new generation   total 7552K, used 6506K [0x00000000f8000000, 0x00000000f8830000, 0x00000000faaa0000)
  eden space 6720K,  85% used [0x00000000f8000000, 0x00000000f8598948, 0x00000000f8690000)
  from space 832K,  93% used [0x00000000f8690000, 0x00000000f8752190, 0x00000000f8760000)
  to   space 832K,   0% used [0x00000000f8760000, 0x00000000f8760000, 0x00000000f8830000)
 tenured generation   total 16616K, used 13443K [0x00000000faaa0000, 0x00000000fbada000, 0x0000000100000000)
   the space 16616K,  80% used [0x00000000faaa0000, 0x00000000fb7c0ff8, 0x00000000fb7c1000, 0x00000000fbada000)
 Metaspace       used 10500K, capacity 11066K, committed 11392K, reserved 1058816K
  class space    used 1096K, capacity 1362K, committed 1408K, reserved 1048576K
}
Event: 48.104 GC heap after
{Heap after GC invocations=17 (full 2):
 def new generation   total 7552K, used 30K [0x00000000f8000000, 0x00000000f8830000, 0x00000000faaa0000)
  eden space 6720K,   0% used [0x00000000f8000000, 0x00000000f8000000, 0x00000000f8690000)
  from space 832K,   3% used [0x00000000f8760000, 0x00000000f8767b40, 0x00000000f8830000)
  to   space 832K,   0% used [0x00000000f8690000, 0x00000000f8690000, 0x00000000f8760000)
 tenured generation   total 16616K, used 14190K [0x00000000faaa0000, 0x00000000fbada000, 0x0000000100000000)
   the space 16616K,  85% used [0x00000000faaa0000, 0x00000000fb87b918, 0x00000000fb87ba00, 0x00000000fbada000)
 Metaspace       used 10500K, capacity 11066K, committed 11392K, reserved 1058816K
  class space    used 1096K, capacity 1362K, committed 1408K, reserved 1048576K
}
Event: 48.486 GC heap before
{Heap before GC invocations=17 (full 2):
 def new generation   total 7552K, used 6750K [0x00000000f8000000, 0x00000000f8830000, 0x00000000faaa0000)
  eden space 6720K, 100% used [0x00000000f8000000, 0x00000000f8690000, 0x00000000f8690000)
  from space 832K,   3% used [0x00000000f8760000, 0x00000000f8767b40, 0x00000000f8830000)
  to   space 832K,   0% used [0x00000000f8690000, 0x00000000f8690000, 0x00000000f8760000)
 tenured generation   total 16616K, used 14190K [0x00000000faaa0000, 0x00000000fbada000, 0x0000000100000000)
   the space 16616K,  85% used [0x00000000faaa0000, 0x00000000fb87b918, 0x00000000fb87ba00, 0x00000000fbada000)
 Metaspace       used 10500K, capacity 11066K, committed 11392K, reserved 1058816K
  class space    used 1096K, capacity 1362K, committed 1408K, reserved 1048576K
}
Event: 48.609 GC heap after
{Heap after GC invocations=18 (full 3):
 def new generation   total 12928K, used 0K [0x00000000f8000000, 0x00000000f8e00000, 0x00000000faaa0000)
  eden space 11520K,   0% used [0x00000000f8000000, 0x00000000f8000000, 0x00000000f8b40000)
  from space 1408K,   0% used [0x00000000f8b40000, 0x00000000f8b40000, 0x00000000f8ca0000)
  to   space 1408K,   0% used [0x00000000f8ca0000, 0x00000000f8ca0000, 0x00000000f8e00000)
 tenured generation   total 28532K, used 17117K [0x00000000faaa0000, 0x00000000fc67d000, 0x0000000100000000)
   the space 28532K,  59% used [0x00000000faaa0000, 0x00000000fbb57770, 0x00000000fbb57800, 0x00000000fc67d000)
 Metaspace       used 10500K, capacity 11066K, committed 11392K, reserved 1058816K
  class space    used 1096K, capacity 1362K, committed 1408K, reserved 1048576K
}
Event: 49.084 GC heap before
{Heap before GC invocations=18 (full 3):
 def new generation   total 12928K, used 11520K [0x00000000f8000000, 0x00000000f8e00000, 0x00000000faaa0000)
  eden space 11520K, 100% used [0x00000000f8000000, 0x00000000f8b40000, 0x00000000f8b40000)
  from space 1408K,   0% used [0x00000000f8b40000, 0x00000000f8b40000, 0x00000000f8ca0000)
  to   space 1408K,   0% used [0x00000000f8ca0000, 0x00000000f8ca0000, 0x00000000f8e00000)
 tenured generation   total 28532K, used 17117K [0x00000000faaa0000, 0x00000000fc67d000, 0x0000000100000000)
   the space 28532K,  59% used [0x00000000faaa0000, 0x00000000fbb57770, 0x00000000fbb57800, 0x00000000fc67d000)
 Metaspace       used 10500K, capacity 11066K, committed 11392K, reserved 1058816K
  class space    used 1096K, capacity 1362K, committed 1408K, reserved 1048576K
}
Event: 49.084 GC heap after
{Heap after GC invocations=19 (full 3):
 def new generation   total 12928K, used 3K [0x00000000f8000000, 0x00000000f8e00000, 0x00000000faaa0000)
  eden space 11520K,   0% used [0x00000000f8000000, 0x00000000f8000000, 0x00000000f8b40000)
  from space 1408K,   0% used [0x00000000f8ca0000, 0x00000000f8ca0f40, 0x00000000f8e00000)
  to   space 1408K,   0% used [0x00000000f8b40000, 0x00000000f8b40000, 0x00000000f8ca0000)
 tenured generation   total 28532K, used 17117K [0x00000000faaa0000, 0x00000000fc67d000, 0x0000000100000000)
   the space 28532K,  59% used [0x00000000faaa0000, 0x00000000fbb57770, 0x00000000fbb57800, 0x00000000fc67d000)
 Metaspace       used 10500K, capacity 11066K, committed 11392K, reserved 1058816K
  class space    used 1096K, capacity 1362K, committed 1408K, reserved 1048576K
}
Event: 99.755 GC heap before
{Heap before GC invocations=19 (full 3):
 def new generation   total 12928K, used 11523K [0x00000000f8000000, 0x00000000f8e00000, 0x00000000faaa0000)
  eden space 11520K, 100% used [0x00000000f8000000, 0x00000000f8b40000, 0x00000000f8b40000)
  from space 1408K,   0% used [0x00000000f8ca0000, 0x00000000f8ca0f40, 0x00000000f8e00000)
  to   space 1408K,   0% used [0x00000000f8b40000, 0x00000000f8b40000, 0x00000000f8ca0000)
 tenured generation   total 28532K, used 17117K [0x00000000faaa0000, 0x00000000fc67d000, 0x0000000100000000)
   the space 28532K,  59% used [0x00000000faaa0000, 0x00000000fbb57770, 0x00000000fbb57800, 0x00000000fc67d000)
 Metaspace       used 10660K, capacity 11194K, committed 11392K, reserved 1058816K
  class space    used 1097K, capacity 1362K, committed 1408K, reserved 1048576K
}
Event: 99.755 GC heap after
{Heap after GC invocations=20 (full 3):
 def new generation   total 12928K, used 18K [0x00000000f8000000, 0x00000000f8e00000, 0x00000000faaa0000)
  eden space 11520K,   0% used [0x00000000f8000000, 0x00000000f8000000, 0x00000000f8b40000)
  from space 1408K,   1% used [0x00000000f8b40000, 0x00000000f8b449e0, 0x00000000f8ca0000)
  to   space 1408K,   0% used [0x00000000f8ca0000, 0x00000000f8ca0000, 0x00000000f8e00000)
 tenured generation   total 28532K, used 17117K [0x00000000faaa0000, 0x00000000fc67d000, 0x0000000100000000)
   the space 28532K,  59% used [0x00000000faaa0000, 0x00000000fbb57770, 0x00000000fbb57800, 0x00000000fc67d000)
 Metaspace       used 10660K, capacity 11194K, committed 11392K, reserved 1058816K
  class space    used 1097K, capacity 1362K, committed 1408K, reserved 1048576K
}

