# JRE version: OpenJDK Runtime Environment (11.0.8+10) (build 11.0.8+10-post-Ubuntu-0ubuntu118.04.1)
# Java VM: OpenJDK 64-Bit Server VM (11.0.8+10-post-Ubuntu-0ubuntu118.04.1, mixed mode, sharing, tiered, compressed oops, serial gc, linux-amd64)
Heap:
 def new generation   total 4992K, used 1867K [0x00000000f8000000, 0x00000000f8560000, 0x00000000faaa0000)
  eden space 4480K,  41% used [0x00000000f8000000, 0x00000000f81cf8b0, 0x00000000f8460000)
  from space 512K,   2% used [0x00000000f8460000, 0x00000000f8463690, 0x00000000f84e0000)
  to   space 512K,   0% used [0x00000000f84e0000, 0x00000000f84e0000, 0x00000000f8560000)
 tenured generation   total 16056K, used 13113K [0x00000000faaa0000, 0x00000000fba4e000, 0x0000000100000000)
   the space 16056K,  81% used [0x00000000faaa0000, 0x00000000fb76e6c0, 0x00000000fb76e800, 0x00000000fba4e000)
 Metaspace       used 10280K, capacity 10846K, committed 11136K, reserved 1058816K
  class space    used 1079K, capacity 1330K, committed 1408K, reserved 1048576K
